C51 COMPILER V9.60.7.0   Q2                                                                02/09/2023 10:56:45 PAGE 1   


C51 COMPILER V9.60.7.0, COMPILATION OF MODULE Q2
OBJECT MODULE PLACED IN .\Objects\Q2.obj
COMPILER INVOKED BY: C:\Keil_v5\C51\BIN\C51.EXE Q2.c OPTIMIZE(8,SPEED) BROWSE DEBUG OBJECTEXTEND PRINT(.\Listings\Q2.lst
                    -) TABS(2) OBJECT(.\Objects\Q2.obj)

line level    source

   1          #include<reg51.h>
   2          void delay(int k)
   3          {
   4   1      int i,j;
   5   1      for(i=0;i<k;i++)
   6   1        for(j=0;j<1000;j++);
   7   1      }
   8          void main()
   9          {
  10   1      unsigned char i;
  11   1      unsigned char arr[10]={0x3f,0x06,0x5b,0x4f,0x66,0x6d,0x7d,0x07,0x7f,0x67};
  12   1      P1 = 0x00;
  13   1      while(1)
  14   1      {
  15   2      for (i=0;i<10;i++)
  16   2      {
  17   3      P1 = arr[i];
  18   3      delay(50);
  19   3      }
  20   2      }
  21   1      }


MODULE INFORMATION:   STATIC OVERLAYABLE
   CODE SIZE        =     82    ----
   CONSTANT SIZE    =     10    ----
   XDATA SIZE       =   ----    ----
   PDATA SIZE       =   ----    ----
   DATA SIZE        =   ----      10
   IDATA SIZE       =   ----    ----
   BIT SIZE         =   ----    ----
END OF MODULE INFORMATION.


C51 COMPILATION COMPLETE.  0 WARNING(S),  0 ERROR(S)
