C51 COMPILER V9.60.7.0   DELAY                                                             02/08/2023 07:37:41 PAGE 1   


C51 COMPILER V9.60.7.0, COMPILATION OF MODULE DELAY
OBJECT MODULE PLACED IN .\Objects\delay.obj
COMPILER INVOKED BY: C:\Keil_v5\C51\BIN\C51.EXE delay.c OPTIMIZE(8,SPEED) BROWSE DEBUG OBJECTEXTEND PRINT(.\Listings\del
                    -ay.lst) TABS(2) OBJECT(.\Objects\delay.obj)

line level    source

   1          #include <reg51.h>
   2          sbit OUTPUT_PIN = P1^0 ;
   3          sbit TMR_INTERRUPT = TCON^5; 
   4          sbit TMR_START = TCON^4;
   5          
   6          void delay_20ms()
   7          {
   8   1          //Run timer for 20000us
   9   1          TH1 = 0xB1;  //Load register to count 20,000us = 20 ms
  10   1          TL1 = 0xE0;
  11   1          TMR_START = 1;  //Start timer
  12   1          while(TMR_INTERRUPT == 0){}  //Wait until timer interrupt occurs
  13   1          TMR_START = 0;   //Stop timer
  14   1          TMR_INTERRUPT = 0;  //CLear interrupt flag
  15   1      }
  16          void main()
  17          {
  18   1            TCON = 0x00;   
  19   1            TMOD = 0x01;  //Timer 0 in mode 1
  20   1            P1 = 0; //Set P1 as output
  21   1            while(1){
  22   2              OUTPUT_PIN = 0;
  23   2              delay_20ms();
  24   2              OUTPUT_PIN = 1;
  25   2              delay_20ms();
  26   2            }
  27   1            
  28   1      }


MODULE INFORMATION:   STATIC OVERLAYABLE
   CODE SIZE        =     36    ----
   CONSTANT SIZE    =   ----    ----
   XDATA SIZE       =   ----    ----
   PDATA SIZE       =   ----    ----
   DATA SIZE        =   ----    ----
   IDATA SIZE       =   ----    ----
   BIT SIZE         =   ----    ----
END OF MODULE INFORMATION.


C51 COMPILATION COMPLETE.  0 WARNING(S),  0 ERROR(S)
