C51 COMPILER V9.60.7.0   AK                                                                02/16/2023 15:21:00 PAGE 1   


C51 COMPILER V9.60.7.0, COMPILATION OF MODULE AK
OBJECT MODULE PLACED IN .\Objects\ak.obj
COMPILER INVOKED BY: C:\Keil_v5\C51\BIN\C51.EXE ak.c OPTIMIZE(8,SPEED) BROWSE DEBUG OBJECTEXTEND PRINT(.\Listings\ak.lst
                    -) TABS(2) OBJECT(.\Objects\ak.obj)

line level    source

   1          
   2          
   3          
   4          #include<reg51.h>
   5          
   6          #define display_port P2      //Data pins connected to port 2 on microcontroller
   7          
   8          sbit rs = P3^2;  //RS pin connected to pin 2 of port 3
   9          
  10          sbit rw = P3^3;  // RW pin connected to pin 3 of port 3
  11          
  12          sbit e =  P3^4;  //E pin connected to pin 4 of port 3
  13          
  14          
  15          void msdelay(unsigned int time)  // Function for creating delay in milliseconds.
  16          
  17          {
  18   1      
  19   1          unsigned i,j ;
  20   1      
  21   1          for(i=0;i<time;i++)    
  22   1      
  23   1          for(j=0;j<1275;j++);
  24   1      
  25   1      }
  26          
  27          void lcd_cmd(unsigned char command)  //Function to send command instruction to LCD
  28          
  29          {
  30   1      
  31   1          display_port = command;
  32   1          rs= 0;
  33   1      
  34   1          rw=0;
  35   1      
  36   1          e=1;
  37   1      
  38   1          msdelay(1);
  39   1      
  40   1          e=0;
  41   1      
  42   1      }
  43          
  44          
  45          void lcd_data(unsigned char disp_data)  //Function to send display data to LCD
  46          
  47          {
  48   1      
  49   1          display_port = disp_data;
  50   1      
  51   1          rs= 1;
  52   1      
  53   1          rw=0;
  54   1      
C51 COMPILER V9.60.7.0   AK                                                                02/16/2023 15:21:00 PAGE 2   

  55   1          e=1;
  56   1      
  57   1          msdelay(1);
  58   1      
  59   1          e=0;
  60   1      
  61   1      }
  62          void lcd_init()    //Function to prepare the LCD  and get it ready
  63          
  64          {
  65   1      
  66   1          lcd_cmd(0x38);  // for using 2 lines and 5X7 matrix of LCD
  67   1      
  68   1          msdelay(10);
  69   1      
  70   1          lcd_cmd(0x0F);  // turn display ON, cursor blinking
  71   1      
  72   1          msdelay(10);
  73   1      
  74   1          lcd_cmd(0x01);  //clear screen
  75   1      
  76   1          msdelay(10);
  77   1      
  78   1          lcd_cmd(0x81);  // bring cursor to position 1 of line 1
  79   1      
  80   1          msdelay(10);
  81   1      
  82   1      }
  83          
  84          void main()
  85          
  86          {
  87   1          unsigned char a[15]="CIRCUIT DIGEST";    //string of 14 characters with a null terminator.
  88   1      
  89   1          int l=0;
  90   1      
  91   1          lcd_init();
  92   1      
  93   1          while(a[l] != '\0') // searching the null terminator in the sentence
  94   1      
  95   1          {
  96   2      
  97   2              lcd_data(a[l]);
  98   2      
  99   2              l++;
 100   2      
 101   2              msdelay(50);
 102   2      
 103   2      }
 104   1      
 105   1      }
 106          


MODULE INFORMATION:   STATIC OVERLAYABLE
   CODE SIZE        =    151    ----
   CONSTANT SIZE    =     15    ----
   XDATA SIZE       =   ----    ----
   PDATA SIZE       =   ----    ----
   DATA SIZE        =   ----      15
   IDATA SIZE       =   ----    ----
   BIT SIZE         =   ----    ----
C51 COMPILER V9.60.7.0   AK                                                                02/16/2023 15:21:00 PAGE 3   

END OF MODULE INFORMATION.


C51 COMPILATION COMPLETE.  0 WARNING(S),  0 ERROR(S)
