C51 COMPILER V9.60.7.0   Q1CODE                                                            02/10/2023 11:25:10 PAGE 1   


C51 COMPILER V9.60.7.0, COMPILATION OF MODULE Q1CODE
OBJECT MODULE PLACED IN .\Objects\Q1code.obj
COMPILER INVOKED BY: C:\Keil_v5\C51\BIN\C51.EXE Q1code.c OPTIMIZE(8,SPEED) BROWSE DEBUG OBJECTEXTEND PRINT(.\Listings\Q1
                    -code.lst) TABS(2) OBJECT(.\Objects\Q1code.obj)

line level    source

   1          #include <reg51.h>
   2          #define LCD_dat P2
   3          sbit rs =P3^2;
   4          sbit en =P3^4;
   5          
   6          void dely(unsigned int dly);
   7          void lcd_cmd(unsigned char ch);
   8          void lcd_data(unsigned char ch);
   9          void lcd_str(unsigned char *str);
  10          
  11          void lcdinit(void);
  12          
  13          void main(void)
  14          {
  15   1      LCD_dat = 0x00;   
  16   1      rs = 0;   
  17   1      en = 0;
  18   1        
  19   1      lcdinit();
  20   1      
  21   1        while(1) /* infinity loop */
  22   1        {
  23   2        lcd_cmd(0x80);
  24   2        lcd_str("Embedded Systems"); // '\0'
  25   2        lcd_cmd(0xc0);
  26   2        lcd_str("Ravi kiran Bolla"); // '\0'
  27   2        lcd_cmd(0x01);
  28   2        lcd_cmd(0x80);
  29   2        lcd_str("Subscribe to"); // '\0'
  30   2        lcd_cmd(0xc0);
  31   2        lcd_str("This Youtube Channel"); // '\0'
  32   2        lcd_cmd(0x01);
  33   2        }
  34   1        
  35   1      }
  36          
  37          void lcdinit(void)
  38          {
  39   1         P2 &= 0x0F;       // Make P2.4 to P2.7 zero
  40   1         P2 |= (0x30&0xF0);    // Write 0x03
  41   1        
  42   1         en  = 1;               
  43   1         dely(10);
  44   1         en  = 0;              
  45   1         dely(10);
  46   1      
  47   1         P2 &= 0x0F;       // Make P2.4 to P2.7 zero
  48   1         P2 |= (0x30&0xF0);    // Write 0x03
  49   1        
  50   1         en  = 1;               
  51   1         dely(10);
  52   1         en  = 0;              
  53   1         dely(10);
  54   1      
C51 COMPILER V9.60.7.0   Q1CODE                                                            02/10/2023 11:25:10 PAGE 2   

  55   1         P2 &= 0x0F;       // Make P2.4 to P2.7 zero
  56   1         P2 |= (0x30&0xF0);    // Write 0x03
  57   1        
  58   1         en  = 1;               
  59   1         dely(10);
  60   1         en  = 0;               
  61   1         dely(10);
  62   1      
  63   1         P2 &= 0x0F;       // Make P2.4 to P2.7 zero
  64   1         P2 |= (0x20&0xF0);    // Write 0x02
  65   1        
  66   1         en  = 1;               
  67   1         dely(10);
  68   1         en  = 0;               
  69   1         dely(10);
  70   1      
  71   1         lcd_cmd(0x28);    //function set: 4 bit two line
  72   1         lcd_cmd(0x0c);    //display on,cursor off,blink off
  73   1         lcd_cmd(0x01);    //clear display
  74   1         lcd_cmd(0x06);    //entry mode, set increment
  75   1      }
  76          
  77          
  78          
  79          void lcd_str(unsigned char *str)
  80          {
  81   1        unsigned int loop =0;
  82   1        for(loop =0; str[loop]!= '\0'; loop++)
  83   1        {
  84   2          lcd_data(str[loop]);
  85   2        }
  86   1      }
  87          void lcd_data(unsigned char ch)
  88          {
  89   1        rs = 1;  // data
  90   1        LCD_dat &= 0x0F;  
  91   1        LCD_dat |= (ch & 0xF0);     // Write Upper nibble of data
  92   1        
  93   1        en = 1;
  94   1        dely(10);
  95   1        en = 0;
  96   1        dely(10);
  97   1        
  98   1        LCD_dat &= 0x0F;  
  99   1        LCD_dat |= ((ch<<4)& 0xF0);// Write Lower nibble of data
 100   1        en = 1;
 101   1        dely(10);
 102   1        en = 0;
 103   1        dely(10);
 104   1      }
 105          
 106          void lcd_cmd(unsigned char ch)
 107          {
 108   1        rs = 0;  // cmd 
 109   1        LCD_dat &= 0x0F;  
 110   1        LCD_dat |= (ch & 0xF0); 
 111   1      
 112   1        en = 1;
 113   1        dely(10);
 114   1        en = 0;
 115   1        dely(10);
 116   1        
C51 COMPILER V9.60.7.0   Q1CODE                                                            02/10/2023 11:25:10 PAGE 3   

 117   1        LCD_dat &= 0x0F;  
 118   1        LCD_dat |= ((ch<<4)& 0xF0); 
 119   1        en = 1;
 120   1        dely(10);
 121   1        en = 0;
 122   1        dely(10);
 123   1      }
 124          void dely(unsigned int dly)
 125          {
 126   1        unsigned int loop =0;
 127   1        unsigned int delay_gen =0;
 128   1        for(loop =0; loop < dly; loop++)
 129   1        for(delay_gen =0; delay_gen < 1000; delay_gen++); /* delay */
 130   1      }
 131          
 132          
 133          


MODULE INFORMATION:   STATIC OVERLAYABLE
   CODE SIZE        =    312    ----
   CONSTANT SIZE    =     68    ----
   XDATA SIZE       =   ----    ----
   PDATA SIZE       =   ----    ----
   DATA SIZE        =   ----       7
   IDATA SIZE       =   ----    ----
   BIT SIZE         =   ----    ----
END OF MODULE INFORMATION.


C51 COMPILATION COMPLETE.  0 WARNING(S),  0 ERROR(S)
