C51 COMPILER V9.60.7.0   TRYCODE                                                           02/10/2023 11:51:52 PAGE 1   


C51 COMPILER V9.60.7.0, COMPILATION OF MODULE TRYCODE
OBJECT MODULE PLACED IN .\Objects\trycode.obj
COMPILER INVOKED BY: C:\Keil_v5\C51\BIN\C51.EXE trycode.c OPTIMIZE(8,SPEED) BROWSE DEBUG OBJECTEXTEND PRINT(.\Listings\t
                    -rycode.lst) TABS(2) OBJECT(.\Objects\trycode.obj)

line level    source

   1          #include<reg51.h>
   2          
   3          #define display_port P2      //Data pins connected to port 2 on microcontroller
   4          
   5          sbit rs = P3^2;  //RS pin connected to pin 2 of port 3
   6          
   7          sbit rw = P3^3;  // RW pin connected to pin 3 of port 3
   8          
   9          sbit e =  P3^4;  //E pin connected to pin 4 of port 3
  10          
  11          
  12          void msdelay(unsigned int time)  // Function for creating delay in milliseconds.
  13          
  14          {
  15   1      
  16   1          unsigned i,j ;
  17   1      
  18   1          for(i=0;i<time;i++)    
  19   1      
  20   1          for(j=0;j<1275;j++);
  21   1      
  22   1      }
  23          
  24          void lcd_cmd(unsigned char command)  //Function to send command instruction to LCD
  25          
  26          {
  27   1      
  28   1          display_port = command;
  29   1      
  30   1          rs= 0;
  31   1      
  32   1          rw=0;
  33   1      
  34   1          e=1;
  35   1         msdelay(1);
  36   1      
  37   1          e=0;
  38   1      
  39   1      }
  40          
  41          
  42          void lcd_data(unsigned char disp_data)  //Function to send display data to LCD
  43          
  44          {
  45   1      
  46   1          display_port = disp_data;
  47   1      
  48   1          rs= 1;
  49   1      
  50   1          rw=0;
  51   1      
  52   1          e=1;
  53   1      
  54   1          msdelay(1);
C51 COMPILER V9.60.7.0   TRYCODE                                                           02/10/2023 11:51:52 PAGE 2   

  55   1      
  56   1          e=0;
  57   1      
  58   1      }
  59          
  60          
  61           void lcd_init()    //Function to prepare the LCD  and get it ready
  62          
  63          {
  64   1      
  65   1          lcd_cmd(0x38);  // for using 2 lines and 5X7 matrix of LCD
  66   1      
  67   1          msdelay(10);
  68   1      
  69   1          lcd_cmd(0x0E);  // turn display ON, cursor blinking
  70   1      
  71   1          msdelay(10);
  72   1      
  73   1          lcd_cmd(0x01);  //clear screen
  74   1      
  75   1          msdelay(10);
  76   1          lcd_cmd(0xC0);
  77   1      
  78   1          lcd_cmd(0x80);  // bring cursor to position 1 of line 1
  79   1      
  80   1          msdelay(10);
  81   1      
  82   1      }
  83          
  84          void main()
  85          
  86          {
  87   1      
  88   1          unsigned char a[15]="Suraj Sikchi";
  89   1          lcd_cmd(0xC0);
  90   1          unsigned char b[15]="20BCE10690i";
*** ERROR C141 IN LINE 90 OF trycode.c: syntax error near 'unsigned', expected '__asm'
*** ERROR C202 IN LINE 90 OF trycode.c: 'b': undefined identifier
  91   1          int l=0;
*** ERROR C141 IN LINE 91 OF trycode.c: syntax error near 'int', expected '__asm'
*** ERROR C202 IN LINE 91 OF trycode.c: 'l': undefined identifier
  92   1      
  93   1          lcd_init();
  94   1      
  95   1          while(a[l] != '\0') // searching the null terminator in the sentence
*** ERROR C202 IN LINE 95 OF trycode.c: 'l': undefined identifier
  96   1      
  97   1          {
  98   2            lcd_data(a[l]);
*** ERROR C202 IN LINE 98 OF trycode.c: 'l': undefined identifier
  99   2      
 100   2              l++;
*** ERROR C202 IN LINE 100 OF trycode.c: 'l': undefined identifier
 101   2              msdelay(50);
 102   2      }
 103   1      
 104   1          while(1){}
 105   1      
 106   1            
 107   1      }

C51 COMPILATION COMPLETE.  0 WARNING(S),  7 ERROR(S)
